[debug] [2022-04-17T15:46:12.890Z] ----------------------------------------------------------------------
[debug] [2022-04-17T15:46:12.897Z] Command:       C:\Program Files\nodejs\node.exe C:\Users\Miria\AppData\Roaming\npm\node_modules\firebase-tools\lib\bin\firebase.js init
[debug] [2022-04-17T15:46:12.899Z] CLI Version:   10.6.0
[debug] [2022-04-17T15:46:12.899Z] Platform:      win32
[debug] [2022-04-17T15:46:12.900Z] Node Version:  v16.13.2
[debug] [2022-04-17T15:46:13.001Z] Time:          Sun Apr 17 2022 10:46:12 GMT-0500 (hora estándar de Perú)
[debug] [2022-04-17T15:46:13.002Z] ----------------------------------------------------------------------
[debug] 
[debug] [2022-04-17T15:46:13.030Z] >>> [apiv2][query] GET https://firebase-public.firebaseio.com/cli.json [none]
[debug] [2022-04-17T15:46:13.117Z] > command requires scopes: ["email","openid","https://www.googleapis.com/auth/cloudplatformprojects.readonly","https://www.googleapis.com/auth/firebase","https://www.googleapis.com/auth/cloud-platform"]
[debug] [2022-04-17T15:46:13.117Z] > authorizing via signed-in user (mirianalejandra1996@gmail.com)
[info] 
     ######## #### ########  ######## ########     ###     ######  ########
     ##        ##  ##     ## ##       ##     ##  ##   ##  ##       ##
     ######    ##  ########  ######   ########  #########  ######  ######
     ##        ##  ##    ##  ##       ##     ## ##     ##       ## ##
     ##       #### ##     ## ######## ########  ##     ##  ######  ########

You're about to initialize a Firebase project in this directory:

  C:\Users\Miria\Desktop\angulardef\Angular-app\AppChallenge

[debug] [2022-04-17T15:46:13.911Z] <<< [apiv2][status] GET https://firebase-public.firebaseio.com/cli.json 200
[debug] [2022-04-17T15:46:13.912Z] <<< [apiv2][body] GET https://firebase-public.firebaseio.com/cli.json {"cloudBuildErrorAfter":1594252800000,"cloudBuildWarnAfter":1590019200000,"defaultNode10After":1594252800000,"minVersion":"3.0.5","node8DeploysDisabledAfter":1613390400000,"node8RuntimeDisabledAfter":1615809600000,"node8WarnAfter":1600128000000}
